<?xml version="1.0" encoding="UTF-8"?>
<testng-results ignored="0" total="1" passed="1" failed="0" skipped="0">
  <reporter-output>
  </reporter-output>
  <suite started-at="2023-01-06T20:56:10 IST" name="Default suite" finished-at="2023-01-06T20:57:58 IST" duration-ms="108396">
    <groups>
    </groups>
    <test started-at="2023-01-06T20:56:10 IST" name="Default test" finished-at="2023-01-06T20:57:58 IST" duration-ms="108396">
      <class name="com.actiTime.testscrip.DleteExistProject">
        <test-method is-config="true" signature="openBrowser()[pri:0, instance:com.actiTime.testscrip.DleteExistProject@130161f7]" started-at="2023-01-06T20:56:10 IST" name="openBrowser" finished-at="2023-01-06T20:57:28 IST" duration-ms="77681" status="PASS">
          <reporter-output>
          </reporter-output>
        </test-method> <!-- openBrowser -->
        <test-method is-config="true" signature="login()[pri:0, instance:com.actiTime.testscrip.DleteExistProject@130161f7]" started-at="2023-01-06T20:57:28 IST" name="login" finished-at="2023-01-06T20:57:28 IST" duration-ms="487" status="PASS">
          <reporter-output>
          </reporter-output>
        </test-method> <!-- login -->
        <test-method signature="deletePer()[pri:0, instance:com.actiTime.testscrip.DleteExistProject@130161f7]" started-at="2023-01-06T20:57:28 IST" name="deletePer" finished-at="2023-01-06T20:57:55 IST" duration-ms="26648" status="PASS">
          <reporter-output>
          </reporter-output>
        </test-method> <!-- deletePer -->
        <test-method is-config="true" signature="logout()[pri:0, instance:com.actiTime.testscrip.DleteExistProject@130161f7]" started-at="2023-01-06T20:57:55 IST" name="logout" finished-at="2023-01-06T20:57:58 IST" duration-ms="3167" status="PASS">
          <reporter-output>
          </reporter-output>
        </test-method> <!-- logout -->
        <test-method is-config="true" signature="closeBrowser()[pri:0, instance:com.actiTime.testscrip.DleteExistProject@130161f7]" started-at="2023-01-06T20:57:58 IST" name="closeBrowser" finished-at="2023-01-06T20:57:58 IST" duration-ms="352" status="PASS">
          <reporter-output>
          </reporter-output>
        </test-method> <!-- closeBrowser -->
      </class> <!-- com.actiTime.testscrip.DleteExistProject -->
    </test> <!-- Default test -->
  </suite> <!-- Default suite -->
</testng-results>
